inC:/Dokumente und Einstellungen/Philipp/Eigene Dateien/Projekte/Blobby Volley 3D/trunk/src/Arena.cpp,line22-Warning: Found unknown command `\ctor'
inC:/Dokumente und Einstellungen/Philipp/Eigene Dateien/Projekte/Blobby Volley 3D/trunk/src/Arena.h,line48-Warning: Found unknown command `\dtor'
inC:/Dokumente und Einstellungen/Philipp/Eigene Dateien/Projekte/Blobby Volley 3D/trunk/src/Ball.h,line25-Warning: Found unknown command `\ctor'
inC:/Dokumente und Einstellungen/Philipp/Eigene Dateien/Projekte/Blobby Volley 3D/trunk/src/Ball.h,line31-Warning: Found unknown command `\dtor'
inC:/Dokumente und Einstellungen/Philipp/Eigene Dateien/Projekte/Blobby Volley 3D/trunk/src/Blobb.cpp,line16-Warning: Found unknown command `\ctor'
inC:/Dokumente und Einstellungen/Philipp/Eigene Dateien/Projekte/Blobby Volley 3D/trunk/src/Blobb.cpp,line16-Warning: The following parameters of BV3D::Blobb::Blobb(VRS::SO< BV3D::Arena > arena, BV3D::TEAM team, VRS::SO< VRS::LookAt > lookAt) are not documented:
  parameter team
  parameter lookAt
inC:/Dokumente und Einstellungen/Philipp/Eigene Dateien/Projekte/Blobby Volley 3D/trunk/src/Blobb.cpp,line117-Warning: Found unknown command `\dtor'
inC:/Dokumente und Einstellungen/Philipp/Eigene Dateien/Projekte/Blobby Volley 3D/trunk/src/Controls.h,line27-Warning: Found unknown command `\dtor'
inC:/Dokumente und Einstellungen/Philipp/Eigene Dateien/Projekte/Blobby Volley 3D/trunk/src/Hud.h,line25-Warning: Found unknown command `\dtor'
inC:/Dokumente und Einstellungen/Philipp/Eigene Dateien/Projekte/Blobby Volley 3D/trunk/src/KeyboardControls.h,line16-Warning: Found unknown command `\ctor'
inC:/Dokumente und Einstellungen/Philipp/Eigene Dateien/Projekte/Blobby Volley 3D/trunk/src/KeyboardControls.h,line16-Warning: argument `VRS' of command @param is not found in the argument list of BV3D::KeyboardControls::KeyboardControls(int keyForward=VRS::Key::Up, int keyBackward=VRS::Key::Down, int keyLeft=VRS::Key::Left, int keyRight=VRS::Key::Right, int keyJump=32)
inC:/Dokumente und Einstellungen/Philipp/Eigene Dateien/Projekte/Blobby Volley 3D/trunk/src/KeyboardControls.h,line16-Warning: The following parameters of BV3D::KeyboardControls::KeyboardControls(int keyForward=VRS::Key::Up, int keyBackward=VRS::Key::Down, int keyLeft=VRS::Key::Left, int keyRight=VRS::Key::Right, int keyJump=32) are not documented:
  parameter keyForward
  parameter keyBackward
  parameter keyLeft
  parameter keyRight
  parameter keyJump
inC:/Dokumente und Einstellungen/Philipp/Eigene Dateien/Projekte/Blobby Volley 3D/trunk/src/Menu.cpp,line26-Warning: Found unknown command `\ctor'
inC:/Dokumente und Einstellungen/Philipp/Eigene Dateien/Projekte/Blobby Volley 3D/trunk/src/Menu.h,line63-Warning: Found unknown command `\dtor'
